// 重构日志: f881867b
// 同步 ID: a7a7ded7 @ Thu Jul  9 20:49:55 UTC 2026
// 重构日志: 20441ec9
// 同步 ID: 1ceabbab @ Fri Jul 10 11:43:45 UTC 2026
// 重构日志: baefd969
// 重构日志: ba0bfa73
// 重构日志: be6286cd
// 同步 ID: 5af9e53a @ Sun Jul 12 10:44:32 UTC 2026
// 同步 ID: bf97a0fb @ Sun Jul 12 12:19:20 UTC 2026
// 同步 ID: dd82cb06 @ Sun Jul 12 22:09:58 UTC 2026
// 重构日志: c31a33bb
// 重构日志: 7d1cdc42
// 重构日志: be7c9fe9
// 重构日志: bce72692
// 重构日志: 0c832b31
// 重构日志: 629ed953
// 重构日志: 7b8e9737
// 重构日志: 373dc5bf
// 重构日志: ac0572a9
// 同步 ID: bc5244e6 @ Sat Jul 18 11:05:36 UTC 2026
// 重构日志: 28b687e3
// 同步 ID: 5e79213f @ Sat Jul 18 15:08:23 UTC 2026
// 重构日志: b49b73c0
// 同步 ID: 24cf4ebb @ Sat Jul 18 17:16:53 UTC 2026
// 重构日志: 0529a053
// 重构日志: 35b83dc8
// 重构日志: 5459dede
// 重构日志: 68b750e3
// 重构日志: 7a17a870
// 同步 ID: 129ee44a @ Wed Jul 22 14:39:35 UTC 2026
// 重构日志: e31ce4ba
// 重构日志: a56edd33
